<?xml version="1.0" encoding="UTF-8"?>
<!-- Generated by org.testng.reporters.JUnitReportReporter -->
<testsuite hostname="IT-QA" failures="0" tests="2" name="com.ref.amax.qa.testcases.ClickOnRefBtnTest" time="12.900" errors="0" timestamp="2021-02-03T17:29:38 CST" skipped="1">
  <testcase classname="com.ref.amax.qa.testcases.ClickOnRefBtnTest" name="fillTheForm" time="12.900"/>
  <system-out/>
  <testcase classname="com.ref.amax.qa.testcases.ClickOnRefBtnTest" name="clickOnRefBtn">
    <skipped/>
  </testcase> <!-- clickOnRefBtn -->
  <system-out/>
</testsuite> <!-- com.ref.amax.qa.testcases.ClickOnRefBtnTest -->
